<?xml version="1.0" encoding="UTF-8"?>
<!-- Generated by org.testng.reporters.JUnitXMLReporter -->
<testsuite hostname="DESKTOP-BLFTK83" name="Test" tests="8" failures="3" timestamp="25 Jan 2018 11:00:29 GMT" time="3531.591" errors="0">
  <testcase name="HOSHELDIS_REG" time="521.381" classname="com.all.kdmc.HospitalHealthpostDispensaryAndAdmin"/>
  <testcase name="Login" time="63.737" classname="com.all.kdmc.DoctorSRS">
    <failure type="org.openqa.selenium.WebDriverException" message="invalid argument: File not found : C:\Users\Quality Analyst\Downloads\KDMC\doc[0].jpg
  (Session info: chrome=63.0.3239.132)
  (Driver info: chromedriver=2.33.506120 (e3e53437346286c0bc2d2dc9aa4915ba81d9023f),platform=Windows NT 10.0.16299 x86_64) (WARNING: The server did not provide any stacktrace information)
Command duration or timeout: 28 milliseconds
Build info: version: &amp;apos;2.48.2&amp;apos;, revision: &amp;apos;41bccdd&amp;apos;, time: &amp;apos;2015-10-09 19:59:12&amp;apos;
System info: host: &amp;apos;DESKTOP-BLFTK83&amp;apos;, ip: &amp;apos;192.168.137.123&amp;apos;, os.name: &amp;apos;Windows 10&amp;apos;, os.arch: &amp;apos;amd64&amp;apos;, os.version: &amp;apos;10.0&amp;apos;, java.version: &amp;apos;1.8.0_91&amp;apos;
Driver info: org.openqa.selenium.chrome.ChromeDriver
Capabilities [{applicationCacheEnabled=false, rotatable=false, mobileEmulationEnabled=false, networkConnectionEnabled=false, chrome={chromedriverVersion=2.33.506120 (e3e53437346286c0bc2d2dc9aa4915ba81d9023f), userDataDir=C:\Users\QUALIT~1\AppData\Local\Temp\scoped_dir2548_2659}, takesHeapSnapshot=true, pageLoadStrategy=normal, databaseEnabled=false, handlesAlerts=true, hasTouchScreen=false, version=63.0.3239.132, platform=XP, browserConnectionEnabled=false, nativeEvents=true, acceptSslCerts=true, locationContextEnabled=true, webStorageEnabled=true, browserName=chrome, takesScreenshot=true, javascriptEnabled=true, cssSelectorsEnabled=true, setWindowRect=true, unexpectedAlertBehaviour=}]
Session ID: f2e130c25bf6ad65578ab80312186010">
      <![CDATA[org.openqa.selenium.WebDriverException: invalid argument: File not found : C:\Users\Quality Analyst\Downloads\KDMC\doc[0].jpg
  (Session info: chrome=63.0.3239.132)
  (Driver info: chromedriver=2.33.506120 (e3e53437346286c0bc2d2dc9aa4915ba81d9023f),platform=Windows NT 10.0.16299 x86_64) (WARNING: The server did not provide any stacktrace information)
Command duration or timeout: 28 milliseconds
Build info: version: '2.48.2', revision: '41bccdd', time: '2015-10-09 19:59:12'
System info: host: 'DESKTOP-BLFTK83', ip: '192.168.137.123', os.name: 'Windows 10', os.arch: 'amd64', os.version: '10.0', java.version: '1.8.0_91'
Driver info: org.openqa.selenium.chrome.ChromeDriver
Capabilities [{applicationCacheEnabled=false, rotatable=false, mobileEmulationEnabled=false, networkConnectionEnabled=false, chrome={chromedriverVersion=2.33.506120 (e3e53437346286c0bc2d2dc9aa4915ba81d9023f), userDataDir=C:\Users\QUALIT~1\AppData\Local\Temp\scoped_dir2548_2659}, takesHeapSnapshot=true, pageLoadStrategy=normal, databaseEnabled=false, handlesAlerts=true, hasTouchScreen=false, version=63.0.3239.132, platform=XP, browserConnectionEnabled=false, nativeEvents=true, acceptSslCerts=true, locationContextEnabled=true, webStorageEnabled=true, browserName=chrome, takesScreenshot=true, javascriptEnabled=true, cssSelectorsEnabled=true, setWindowRect=true, unexpectedAlertBehaviour=}]
Session ID: f2e130c25bf6ad65578ab80312186010
	at org.openqa.selenium.remote.ErrorHandler.createThrowable(ErrorHandler.java:206)
	at org.openqa.selenium.remote.ErrorHandler.throwIfResponseFailed(ErrorHandler.java:158)
	at org.openqa.selenium.remote.RemoteWebDriver.execute(RemoteWebDriver.java:647)
	at org.openqa.selenium.remote.RemoteWebElement.execute(RemoteWebElement.java:326)
	at org.openqa.selenium.remote.RemoteWebElement.sendKeys(RemoteWebElement.java:121)
	at com.all.kdmc.DoctorSRS.Doc(DoctorSRS.java:166)
	at com.all.kdmc.DoctorSRS.Login(DoctorSRS.java:52)
... Removed 28 stack frames]]>
    </failure>
  </testcase> <!-- Login -->
  <testcase name="OPEN" time="373.257" classname="com.all.kdmc.EmployeeSRS"/>
  <testcase name="Run" time="703.779" classname="com.all.kdmc.DMSTOCMSSRS"/>
  <testcase name="openbrowser" time="289.923" classname="com.all.kdmc.PharmacyrequestSRS">
    <failure type="java.lang.NumberFormatException" message="For input string: &amp;quot;&amp;quot;">
      <![CDATA[java.lang.NumberFormatException: For input string: ""
	at java.lang.NumberFormatException.forInputString(NumberFormatException.java:65)
	at java.lang.Integer.parseInt(Integer.java:592)
	at java.lang.Integer.parseInt(Integer.java:615)
	at com.all.kdmc.PharmacyrequestSRS.DMS(PharmacyrequestSRS.java:617)
	at com.all.kdmc.PharmacyrequestSRS.openbrowser(PharmacyrequestSRS.java:72)
... Removed 24 stack frames]]>
    </failure>
  </testcase> <!-- openbrowser -->
  <testcase name="nn" time="499.056" classname="com.all.kdmc.LabrequestSRS">
    <failure type="java.lang.NumberFormatException" message="For input string: &amp;quot;&amp;quot;">
      <![CDATA[java.lang.NumberFormatException: For input string: ""
	at java.lang.NumberFormatException.forInputString(NumberFormatException.java:65)
	at java.lang.Integer.parseInt(Integer.java:592)
	at java.lang.Integer.parseInt(Integer.java:615)
	at com.all.kdmc.LabrequestSRS.DMS(LabrequestSRS.java:649)
	at com.all.kdmc.LabrequestSRS.nn(LabrequestSRS.java:85)
... Removed 24 stack frames]]>
    </failure>
  </testcase> <!-- nn -->
  <testcase name="Emergencyall" time="494.389" classname="com.all.kdmc.EmergencySRS"/>
  <testcase name="openbrowser" time="585.07" classname="com.all.kdmc.InpatientrequestSRS"/>
</testsuite> <!-- Test -->
